GowinSynthesis start
Running parser ...
Analyzing Verilog file 'D:\Documentos\REPOS\Github\Tang-Nano\tutorials\Obijuan_open_FPGA\T03-inv\src\T03-inv.v'
WARN  (EX3628) : Redeclaration of ansi port 'A' is not allowed("D:\Documentos\REPOS\Github\Tang-Nano\tutorials\Obijuan_open_FPGA\T03-inv\src\T03-inv.v":6)
WARN  (EX3628) : Redeclaration of ansi port 'B' is not allowed("D:\Documentos\REPOS\Github\Tang-Nano\tutorials\Obijuan_open_FPGA\T03-inv\src\T03-inv.v":7)
Compiling module 'inv'("D:\Documentos\REPOS\Github\Tang-Nano\tutorials\Obijuan_open_FPGA\T03-inv\src\T03-inv.v":3)
NOTE  (EX0101) : Current top module is "inv"
[5%] Running netlist conversion ...
Running device independent optimization ...
[10%] Optimizing Phase 0 completed
[15%] Optimizing Phase 1 completed
[25%] Optimizing Phase 2 completed
Running inference ...
[30%] Inferring Phase 0 completed
[40%] Inferring Phase 1 completed
[50%] Inferring Phase 2 completed
[55%] Inferring Phase 3 completed
Running technical mapping ...
[60%] Tech-Mapping Phase 0 completed
[65%] Tech-Mapping Phase 1 completed
[75%] Tech-Mapping Phase 2 completed
[80%] Tech-Mapping Phase 3 completed
[90%] Tech-Mapping Phase 4 completed
[95%] Generate netlist file "D:\Documentos\REPOS\Github\Tang-Nano\tutorials\Obijuan_open_FPGA\T03-inv\impl\gwsynthesis\T03-inv.vg" completed
[100%] Generate report file "D:\Documentos\REPOS\Github\Tang-Nano\tutorials\Obijuan_open_FPGA\T03-inv\impl\gwsynthesis\T03-inv_syn.rpt.html" completed
GowinSynthesis finish
