GowinSynthesis start
Running parser ...
Analyzing Verilog file 'D:\Documentos\REPOS\Github\Tang-Nano\tutorials\Obijuan_open_FPGA\T09-inicializador\src\T09-inicializador.v'
Compiling module 'init'("D:\Documentos\REPOS\Github\Tang-Nano\tutorials\Obijuan_open_FPGA\T09-inicializador\src\T09-inicializador.v":4)
NOTE  (EX0101) : Current top module is "init"
[5%] Running netlist conversion ...
Running device independent optimization ...
[10%] Optimizing Phase 0 completed
[15%] Optimizing Phase 1 completed
[25%] Optimizing Phase 2 completed
Running inference ...
[30%] Inferring Phase 0 completed
[40%] Inferring Phase 1 completed
[50%] Inferring Phase 2 completed
[55%] Inferring Phase 3 completed
Running technical mapping ...
[60%] Tech-Mapping Phase 0 completed
[65%] Tech-Mapping Phase 1 completed
[75%] Tech-Mapping Phase 2 completed
[95%] Generate netlist file "D:\Documentos\REPOS\Github\Tang-Nano\tutorials\Obijuan_open_FPGA\T09-inicializador\impl\gwsynthesis\T09-inicializador.vg" completed
[100%] Generate report file "D:\Documentos\REPOS\Github\Tang-Nano\tutorials\Obijuan_open_FPGA\T09-inicializador\impl\gwsynthesis\T09-inicializador_syn.rpt.html" completed
GowinSynthesis finish
